<?xml version="1.0" encoding="UTF-8"?>
<!-- Generated by org.testng.reporters.JUnitXMLReporter -->
<testsuite ignored="0" hostname="INBOOK_X1_SLIM" failures="0" tests="5" name="Default test" time="59.694" errors="0" timestamp="2024-09-10T00:15:39 IST">
  <testcase classname="jobHuntingPackage.focusApply" name="invokeBrowser" time="1.925"/>
  <testcase classname="jobHuntingPackage.focusApply" name="login" time="3.651"/>
  <testcase classname="jobHuntingPackage.focusApply" name="updateResume" time="13.402"/>
  <testcase classname="jobHuntingPackage.focusApply" name="searchKeyword" time="9.62"/>
  <testcase classname="jobHuntingPackage.focusApply" name="applyjob" time="30.997"/>
</testsuite> <!-- Default test -->
